<?xml version="1.0" encoding="UTF-8"?>
<!-- Generated by org.testng.reporters.JUnitXMLReporter -->
<testsuite ignored="0" hostname="Azamkhujas-MBP" failures="1" tests="2" name="SeleniumReview" time="0.119" errors="0" timestamp="2022-08-03T22:13:15 EDT">
  <testcase classname="com.codewithazam.lesson04.ListenerDemo" name="test1" time="0.025"/>
  <testcase classname="com.codewithazam.lesson04.ListenerDemo" name="test2" time="0.002">
    <failure type="java.lang.AssertionError" message="expected [true] but found [false]">
      <![CDATA[java.lang.AssertionError: expected [true] but found [false]
at com.codewithazam.lesson04.ListenerDemo.test2(ListenerDemo.java:19)
at java.base/java.util.ArrayList.forEach(ArrayList.java:1541)
at com.intellij.rt.testng.IDEARemoteTestNG.run(IDEARemoteTestNG.java:66)
at com.intellij.rt.testng.RemoteTestNGStarter.main(RemoteTestNGStarter.java:109)
... Removed 28 stack frames]]>
    </failure>
  </testcase> <!-- test2 -->
</testsuite> <!-- SeleniumReview -->
